<?xml version="1.0" encoding="UTF-8"?>
<testng-results ignored="0" total="4" passed="4" failed="0" skipped="0">
  <reporter-output>
  </reporter-output>
  <suite started-at="2024-11-18T18:59:04 GMT" name="Default suite" finished-at="2024-11-18T18:59:59 GMT" duration-ms="55919">
    <groups>
      <group name="cucumber">
        <method signature="AbstractTestNGCucumberTests.runScenario(io.cucumber.testng.PickleWrapper,io.cucumber.testng.FeatureWrapper)[pri:0, instance:Pages.testRunner@485e36bc]" name="runScenario" class="io.cucumber.testng.AbstractTestNGCucumberTests"/>
      </group> <!-- cucumber -->
    </groups>
    <test started-at="2024-11-18T18:59:04 GMT" name="Default test" finished-at="2024-11-18T18:59:59 GMT" duration-ms="55919">
      <class name="Pages.testRunner">
        <test-method is-config="true" signature="setUpClass(org.testng.ITestContext)[pri:0, instance:Pages.testRunner@485e36bc]" started-at="2024-11-18T18:59:04 GMT" name="setUpClass" finished-at="2024-11-18T18:59:04 GMT" duration-ms="456" status="PASS">
          <params>
            <param index="0">
              <value>
                <![CDATA[org.testng.TestRunner@5ba03c82]]>
              </value>
            </param>
          </params>
          <reporter-output>
          </reporter-output>
        </test-method> <!-- setUpClass -->
        <test-method signature="runScenario(io.cucumber.testng.PickleWrapper,io.cucumber.testng.FeatureWrapper)[pri:0, instance:Pages.testRunner@485e36bc]" started-at="2024-11-18T18:59:04 GMT" name="runScenario" description="Runs Cucumber Scenarios" data-provider="scenarios" finished-at="2024-11-18T18:59:16 GMT" duration-ms="11793" status="PASS">
          <params>
            <param index="0">
              <value>
                <![CDATA["login in check with valid and invalid data"]]>
              </value>
            </param>
            <param index="1">
              <value>
                <![CDATA["log in"]]>
              </value>
            </param>
          </params>
          <reporter-output>
          </reporter-output>
        </test-method> <!-- runScenario -->
        <test-method signature="runScenario(io.cucumber.testng.PickleWrapper,io.cucumber.testng.FeatureWrapper)[pri:0, instance:Pages.testRunner@485e36bc]" started-at="2024-11-18T18:59:16 GMT" name="runScenario" description="Runs Cucumber Scenarios" data-provider="scenarios" finished-at="2024-11-18T18:59:27 GMT" duration-ms="10997" status="PASS">
          <params>
            <param index="0">
              <value>
                <![CDATA["login in check with valid and invalid data"]]>
              </value>
            </param>
            <param index="1">
              <value>
                <![CDATA["log in"]]>
              </value>
            </param>
          </params>
          <reporter-output>
          </reporter-output>
        </test-method> <!-- runScenario -->
        <test-method signature="runScenario(io.cucumber.testng.PickleWrapper,io.cucumber.testng.FeatureWrapper)[pri:0, instance:Pages.testRunner@485e36bc]" started-at="2024-11-18T18:59:27 GMT" name="runScenario" description="Runs Cucumber Scenarios" data-provider="scenarios" finished-at="2024-11-18T18:59:43 GMT" duration-ms="16046" status="PASS">
          <params>
            <param index="0">
              <value>
                <![CDATA["login in check with valid and invalid data"]]>
              </value>
            </param>
            <param index="1">
              <value>
                <![CDATA["log in"]]>
              </value>
            </param>
          </params>
          <reporter-output>
          </reporter-output>
        </test-method> <!-- runScenario -->
        <test-method signature="runScenario(io.cucumber.testng.PickleWrapper,io.cucumber.testng.FeatureWrapper)[pri:0, instance:Pages.testRunner@485e36bc]" started-at="2024-11-18T18:59:43 GMT" name="runScenario" description="Runs Cucumber Scenarios" data-provider="scenarios" finished-at="2024-11-18T18:59:59 GMT" duration-ms="16515" status="PASS">
          <params>
            <param index="0">
              <value>
                <![CDATA["login in check with valid and invalid data"]]>
              </value>
            </param>
            <param index="1">
              <value>
                <![CDATA["log in"]]>
              </value>
            </param>
          </params>
          <reporter-output>
          </reporter-output>
        </test-method> <!-- runScenario -->
        <test-method is-config="true" signature="tearDownClass()[pri:0, instance:Pages.testRunner@485e36bc]" started-at="2024-11-18T18:59:59 GMT" name="tearDownClass" finished-at="2024-11-18T18:59:59 GMT" duration-ms="39" status="PASS">
          <reporter-output>
          </reporter-output>
        </test-method> <!-- tearDownClass -->
      </class> <!-- Pages.testRunner -->
    </test> <!-- Default test -->
  </suite> <!-- Default suite -->
</testng-results>
